Picked up _JAVA_OPTIONS: -Dawt.useSystemAAFontSettings=on -Dswing.aatext=true
2020-12-08 22:25:40:434 0 sec: 0 operations; est completion in 0 second 
2020-12-08 22:25:45:405 5 sec: 1022 operations; 204.36 current ops/sec; est completion in 8 minutes [READ AverageLatency(us)=4376.07] [UPDATE AverageLatency(us)=3734.72] 
2020-12-08 22:25:50:405 10 sec: 2280 operations; 251.65 current ops/sec; est completion in 7 minutes [READ AverageLatency(us)=3873.4] [UPDATE AverageLatency(us)=4816.55] 
2020-12-08 22:25:55:405 15 sec: 3518 operations; 247.6 current ops/sec; est completion in 6 minutes [READ AverageLatency(us)=4038.62] [UPDATE AverageLatency(us)=3858.13] 
2020-12-08 22:26:00:405 20 sec: 4667 operations; 229.8 current ops/sec; est completion in 6 minutes [READ AverageLatency(us)=4367.07] [UPDATE AverageLatency(us)=3986.1] 
2020-12-08 22:26:05:405 25 sec: 6021 operations; 270.8 current ops/sec; est completion in 6 minutes [READ AverageLatency(us)=3646.48] [UPDATE AverageLatency(us)=4181.25] 
2020-12-08 22:26:10:405 30 sec: 7526 operations; 301 current ops/sec; est completion in 6 minutes [READ AverageLatency(us)=3338.78] [UPDATE AverageLatency(us)=3036.73] 
2020-12-08 22:26:15:405 35 sec: 8669 operations; 228.6 current ops/sec; est completion in 6 minutes [READ AverageLatency(us)=4351.37] [UPDATE AverageLatency(us)=4570.78] 
2020-12-08 22:26:20:405 40 sec: 9851 operations; 236.4 current ops/sec; est completion in 6 minutes [READ AverageLatency(us)=4205.16] [UPDATE AverageLatency(us)=4342.94] 
2020-12-08 22:26:25:405 45 sec: 11046 operations; 239 current ops/sec; est completion in 6 minutes [READ AverageLatency(us)=4168.16] [UPDATE AverageLatency(us)=4391.74] 
2020-12-08 22:26:30:405 50 sec: 12108 operations; 212.4 current ops/sec; est completion in 6 minutes [READ AverageLatency(us)=4722.1] [UPDATE AverageLatency(us)=4486.11] 
2020-12-08 22:26:35:405 55 sec: 13618 operations; 302 current ops/sec; est completion in 5 minutes [READ AverageLatency(us)=3291.87] [UPDATE AverageLatency(us)=3444.87] 
2020-12-08 22:26:40:405 60 sec: 14962 operations; 268.8 current ops/sec; est completion in 5 minutes [READ AverageLatency(us)=3737.8] [UPDATE AverageLatency(us)=3489.41] 
2020-12-08 22:26:45:405 65 sec: 16477 operations; 303 current ops/sec; est completion in 5 minutes [READ AverageLatency(us)=3313.67] [UPDATE AverageLatency(us)=3107.69] 
2020-12-08 22:26:50:405 70 sec: 18005 operations; 305.6 current ops/sec; est completion in 5 minutes [READ AverageLatency(us)=3272.22] [UPDATE AverageLatency(us)=3240.41] 
2020-12-08 22:26:55:405 75 sec: 19508 operations; 300.6 current ops/sec; est completion in 5 minutes [READ AverageLatency(us)=3342.09] [UPDATE AverageLatency(us)=3110.79] 
2020-12-08 22:27:00:405 80 sec: 21048 operations; 308 current ops/sec; est completion in 5 minutes [READ AverageLatency(us)=3231.8] [UPDATE AverageLatency(us)=3286.24] 
2020-12-08 22:27:05:405 85 sec: 22585 operations; 307.4 current ops/sec; est completion in 4 minutes [READ AverageLatency(us)=3242.74] [UPDATE AverageLatency(us)=3387.31] 
2020-12-08 22:27:10:405 90 sec: 23923 operations; 267.6 current ops/sec; est completion in 4 minutes [READ AverageLatency(us)=3731.36] [UPDATE AverageLatency(us)=3725.98] 
2020-12-08 22:27:15:405 95 sec: 25010 operations; 217.4 current ops/sec; est completion in 4 minutes [READ AverageLatency(us)=4617.21] [UPDATE AverageLatency(us)=4322.97] 
2020-12-08 22:27:20:405 100 sec: 26201 operations; 238.2 current ops/sec; est completion in 4 minutes [READ AverageLatency(us)=4204] [UPDATE AverageLatency(us)=4101.98] 
2020-12-08 22:27:25:405 105 sec: 27360 operations; 231.8 current ops/sec; est completion in 4 minutes [READ AverageLatency(us)=4327.51] [UPDATE AverageLatency(us)=4125.03] 
2020-12-08 22:27:30:405 110 sec: 28542 operations; 236.4 current ops/sec; est completion in 4 minutes [READ AverageLatency(us)=4177.94] [UPDATE AverageLatency(us)=4681.24] 
2020-12-08 22:27:35:405 115 sec: 29728 operations; 237.2 current ops/sec; est completion in 4 minutes [READ AverageLatency(us)=4154.32] [UPDATE AverageLatency(us)=4722.83] 
2020-12-08 22:27:40:405 120 sec: 30912 operations; 236.8 current ops/sec; est completion in 4 minutes [READ AverageLatency(us)=4188.84] [UPDATE AverageLatency(us)=4467.45] 
2020-12-08 22:27:45:405 125 sec: 32116 operations; 240.8 current ops/sec; est completion in 4 minutes [READ AverageLatency(us)=4153.41] [UPDATE AverageLatency(us)=4052.93] 
2020-12-08 22:27:50:405 130 sec: 33232 operations; 223.2 current ops/sec; est completion in 4 minutes [READ AverageLatency(us)=4396.47] [UPDATE AverageLatency(us)=5164.58] 
2020-12-08 22:27:55:405 135 sec: 34421 operations; 237.8 current ops/sec; est completion in 4 minutes [READ AverageLatency(us)=4101.48] [UPDATE AverageLatency(us)=5167.75] 
2020-12-08 22:28:00:405 140 sec: 35504 operations; 216.6 current ops/sec; est completion in 4 minutes [READ AverageLatency(us)=4524.83] [UPDATE AverageLatency(us)=5550.74] 
2020-12-08 22:28:05:405 145 sec: 36590 operations; 217.2 current ops/sec; est completion in 4 minutes [READ AverageLatency(us)=4653.58] [UPDATE AverageLatency(us)=4137.85] 
2020-12-08 22:28:10:405 150 sec: 37705 operations; 223 current ops/sec; est completion in 4 minutes [READ AverageLatency(us)=4518.63] [UPDATE AverageLatency(us)=4048.56] 
2020-12-08 22:28:15:405 155 sec: 38848 operations; 228.6 current ops/sec; est completion in 4 minutes [READ AverageLatency(us)=4449.98] [UPDATE AverageLatency(us)=3519.04] 
2020-12-08 22:28:20:405 160 sec: 39912 operations; 212.8 current ops/sec; est completion in 4 minutes [READ AverageLatency(us)=4649.68] [UPDATE AverageLatency(us)=5104.66] 
2020-12-08 22:28:25:405 165 sec: 41072 operations; 232 current ops/sec; est completion in 3 minutes [READ AverageLatency(us)=4352.45] [UPDATE AverageLatency(us)=3858.89] 
2020-12-08 22:28:30:405 170 sec: 42266 operations; 238.8 current ops/sec; est completion in 3 minutes [READ AverageLatency(us)=4010.77] [UPDATE AverageLatency(us)=5728.5] 
2020-12-08 22:28:35:405 175 sec: 43527 operations; 252.2 current ops/sec; est completion in 3 minutes [READ AverageLatency(us)=3944.63] [UPDATE AverageLatency(us)=4182.86] 
2020-12-08 22:28:40:405 180 sec: 44941 operations; 282.8 current ops/sec; est completion in 3 minutes [READ AverageLatency(us)=3600.88] [UPDATE AverageLatency(us)=2732.2] 
2020-12-08 22:28:45:405 185 sec: 46269 operations; 265.6 current ops/sec; est completion in 3 minutes [READ AverageLatency(us)=3696.27] [UPDATE AverageLatency(us)=4155.45] 
2020-12-08 22:28:50:405 190 sec: 47707 operations; 287.6 current ops/sec; est completion in 3 minutes [READ AverageLatency(us)=3416.15] [UPDATE AverageLatency(us)=4083.96] 
2020-12-08 22:28:55:405 195 sec: 49232 operations; 305 current ops/sec; est completion in 3 minutes [READ AverageLatency(us)=3259.01] [UPDATE AverageLatency(us)=3450.36] 
2020-12-08 22:29:00:405 200 sec: 50675 operations; 288.6 current ops/sec; est completion in 3 minutes [READ AverageLatency(us)=3451.75] [UPDATE AverageLatency(us)=3512.6] 
2020-12-08 22:29:05:405 205 sec: 52121 operations; 289.2 current ops/sec; est completion in 3 minutes [READ AverageLatency(us)=3447.74] [UPDATE AverageLatency(us)=3469.52] 
2020-12-08 22:29:10:405 210 sec: 53181 operations; 212 current ops/sec; est completion in 3 minutes [READ AverageLatency(us)=4614.91] [UPDATE AverageLatency(us)=5700.31] 
2020-12-08 22:29:15:405 215 sec: 54368 operations; 237.4 current ops/sec; est completion in 3 minutes [READ AverageLatency(us)=4136.73] [UPDATE AverageLatency(us)=4831.02] 
2020-12-08 22:29:20:405 220 sec: 55551 operations; 236.6 current ops/sec; est completion in 2 minutes [READ AverageLatency(us)=4185.57] [UPDATE AverageLatency(us)=4587.68] 
2020-12-08 22:29:25:405 225 sec: 56745 operations; 238.8 current ops/sec; est completion in 2 minutes [READ AverageLatency(us)=4133.22] [UPDATE AverageLatency(us)=4745.5] 
2020-12-08 22:29:30:405 230 sec: 57931 operations; 237.2 current ops/sec; est completion in 2 minutes [READ AverageLatency(us)=4122.58] [UPDATE AverageLatency(us)=5095.78] 
2020-12-08 22:29:35:405 235 sec: 59115 operations; 236.8 current ops/sec; est completion in 2 minutes [READ AverageLatency(us)=4149.88] [UPDATE AverageLatency(us)=4927.54] 
2020-12-08 22:29:40:405 240 sec: 60302 operations; 237.4 current ops/sec; est completion in 2 minutes [READ AverageLatency(us)=4126.02] [UPDATE AverageLatency(us)=5014.3] 
2020-12-08 22:29:45:405 245 sec: 61452 operations; 229.95 current ops/sec; est completion in 2 minutes [READ AverageLatency(us)=4280.07] [UPDATE AverageLatency(us)=5079.19] 
2020-12-08 22:29:50:405 250 sec: 62687 operations; 247.05 current ops/sec; est completion in 2 minutes [READ AverageLatency(us)=4070.69] [UPDATE AverageLatency(us)=3711.9] 
2020-12-08 22:29:55:405 255 sec: 64205 operations; 303.6 current ops/sec; est completion in 2 minutes [READ AverageLatency(us)=3283.42] [UPDATE AverageLatency(us)=3360.3] 
2020-12-08 22:30:00:405 260 sec: 65741 operations; 307.2 current ops/sec; est completion in 2 minutes [READ AverageLatency(us)=3233.15] [UPDATE AverageLatency(us)=3431.39] 
2020-12-08 22:30:05:405 265 sec: 67285 operations; 308.8 current ops/sec; est completion in 2 minutes [READ AverageLatency(us)=3237.49] [UPDATE AverageLatency(us)=3211.26] 
2020-12-08 22:30:10:405 270 sec: 68807 operations; 304.4 current ops/sec; est completion in 2 minutes [READ AverageLatency(us)=3237.51] [UPDATE AverageLatency(us)=3727.74] 
2020-12-08 22:30:15:405 275 sec: 70010 operations; 240.6 current ops/sec; est completion in 1 minute [READ AverageLatency(us)=4140.47] [UPDATE AverageLatency(us)=4225.61] 
2020-12-08 22:30:20:405 280 sec: 71151 operations; 228.2 current ops/sec; est completion in 1 minute [READ AverageLatency(us)=4175.71] [UPDATE AverageLatency(us)=6503.43] 
2020-12-08 22:30:25:405 285 sec: 72349 operations; 239.6 current ops/sec; est completion in 1 minute [READ AverageLatency(us)=4126.82] [UPDATE AverageLatency(us)=4565.79] 
2020-12-08 22:30:30:405 290 sec: 73522 operations; 234.6 current ops/sec; est completion in 1 minute [READ AverageLatency(us)=4289.31] [UPDATE AverageLatency(us)=3832.98] 
2020-12-08 22:30:35:405 295 sec: 74693 operations; 234.2 current ops/sec; est completion in 1 minute [READ AverageLatency(us)=4281.51] [UPDATE AverageLatency(us)=4145.91] 
2020-12-08 22:30:40:405 300 sec: 75878 operations; 237 current ops/sec; est completion in 1 minute [READ AverageLatency(us)=4095.44] [UPDATE AverageLatency(us)=5467.58] 
2020-12-08 22:30:45:405 305 sec: 77172 operations; 258.8 current ops/sec; est completion in 1 minute [READ AverageLatency(us)=3850.29] [UPDATE AverageLatency(us)=3961.5] 
2020-12-08 22:30:50:405 310 sec: 78297 operations; 225 current ops/sec; est completion in 1 minute [READ AverageLatency(us)=4352.07] [UPDATE AverageLatency(us)=5141.74] 
2020-12-08 22:30:55:405 315 sec: 79422 operations; 225 current ops/sec; est completion in 1 minute [READ AverageLatency(us)=4444.4] [UPDATE AverageLatency(us)=4417.33] 
2020-12-08 22:31:00:405 320 sec: 80581 operations; 231.8 current ops/sec; est completion in 1 minute [READ AverageLatency(us)=4313.35] [UPDATE AverageLatency(us)=4238.08] 
2020-12-08 22:31:05:405 325 sec: 81779 operations; 239.6 current ops/sec; est completion in 1 minute [READ AverageLatency(us)=4137.29] [UPDATE AverageLatency(us)=4584.44] 
2020-12-08 22:31:10:405 330 sec: 82927 operations; 229.6 current ops/sec; est completion in 1 minute [READ AverageLatency(us)=4298.02] [UPDATE AverageLatency(us)=4958.49] 
2020-12-08 22:31:15:405 335 sec: 84083 operations; 231.2 current ops/sec; est completion in 1 minute [READ AverageLatency(us)=4246.65] [UPDATE AverageLatency(us)=5052.52] 
2020-12-08 22:31:20:405 340 sec: 85249 operations; 233.2 current ops/sec; est completion in 59 seconds [READ AverageLatency(us)=4176.71] [UPDATE AverageLatency(us)=5229.02] 
2020-12-08 22:31:25:405 345 sec: 86356 operations; 221.4 current ops/sec; est completion in 55 seconds [READ AverageLatency(us)=4562.5] [UPDATE AverageLatency(us)=4098.96] 
2020-12-08 22:31:30:405 350 sec: 87512 operations; 231.2 current ops/sec; est completion in 50 seconds [READ AverageLatency(us)=4332.83] [UPDATE AverageLatency(us)=4175.06] 
2020-12-08 22:31:35:405 355 sec: 88618 operations; 221.2 current ops/sec; est completion in 46 seconds [READ AverageLatency(us)=4424.94] [UPDATE AverageLatency(us)=5386.03] 
2020-12-08 22:31:40:405 360 sec: 89875 operations; 251.4 current ops/sec; est completion in 41 seconds [READ AverageLatency(us)=3906.43] [UPDATE AverageLatency(us)=4604.6] 
2020-12-08 22:31:45:405 365 sec: 91017 operations; 228.4 current ops/sec; est completion in 37 seconds [READ AverageLatency(us)=4394.83] [UPDATE AverageLatency(us)=4239.14] 
2020-12-08 22:31:50:405 370 sec: 92069 operations; 210.4 current ops/sec; est completion in 32 seconds [READ AverageLatency(us)=4611] [UPDATE AverageLatency(us)=6279.95] 
2020-12-08 22:31:55:405 375 sec: 93122 operations; 210.6 current ops/sec; est completion in 28 seconds [READ AverageLatency(us)=4657.37] [UPDATE AverageLatency(us)=5590.23] 
2020-12-08 22:32:00:405 380 sec: 94182 operations; 212 current ops/sec; est completion in 24 seconds [READ AverageLatency(us)=4642.71] [UPDATE AverageLatency(us)=5420.71] 
2020-12-08 22:32:05:405 385 sec: 95230 operations; 209.6 current ops/sec; est completion in 20 seconds [READ AverageLatency(us)=4820.74] [UPDATE AverageLatency(us)=4111.64] 
2020-12-08 22:32:10:405 390 sec: 96252 operations; 204.4 current ops/sec; est completion in 16 seconds [READ AverageLatency(us)=4722.75] [UPDATE AverageLatency(us)=6565.97] 
